[03-Dec-2025 07:22:15 Europe/Berlin] PhonePe Initiate Error: Key not found for the merchant
[03-Dec-2025 07:23:07 Europe/Berlin] PhonePe Initiate Error: Key not found for the merchant
[03-Dec-2025 07:23:13 Europe/Berlin] PhonePe Initiate Error: Key not found for the merchant
[03-Dec-2025 07:24:42 Europe/Berlin] PhonePe Request: {"merchantId":"PGTESTPAYUAT","url":"https:\/\/api-preprod.phonepe.com\/apis\/hermes\/pg\/v1\/pay","checksum":"d8bc7745c40a2bfaf8d688b597309970ebe95fb634714fd188c7e859f6ae39f5###1","payload":{"merchantId":"PGTESTPAYUAT","merchantTransactionId":"MT1764743082_29","merchantUserId":"MUID7207407907","amount":199900,"redirectUrl":"http:\/\/localhost\/ecommerce\/public\/api\/phonepe_response.php","redirectMode":"POST","callbackUrl":"http:\/\/localhost\/ecommerce\/public\/api\/phonepe_callback.php","mobileNumber":"7207407907","paymentInstrument":{"type":"PAY_PAGE"}}}
[03-Dec-2025 07:24:42 Europe/Berlin] PhonePe Initiate Error: Key not found for the merchant
[03-Dec-2025 07:26:48 Europe/Berlin] PhonePe Request: {"merchantId":"M23ZU2V3WVY7U","url":"https:\/\/api-preprod.phonepe.com\/apis\/hermes\/pg\/v1\/pay","checksum":"dea0f352cebb34534e21e902bdf873c20b38d02b0ecb10999334ba7e4197145f###1","payload":{"merchantId":"M23ZU2V3WVY7U","merchantTransactionId":"MT1764743208_30","merchantUserId":"MUID7412589630","amount":199900,"redirectUrl":"http:\/\/localhost\/ecommerce\/public\/api\/phonepe_response.php","redirectMode":"POST","callbackUrl":"http:\/\/localhost\/ecommerce\/public\/api\/phonepe_callback.php","mobileNumber":"7412589630","paymentInstrument":{"type":"PAY_PAGE"}}}
[03-Dec-2025 07:26:49 Europe/Berlin] PhonePe Initiate Error: Key not found for the merchant
[03-Dec-2025 07:28:06 Europe/Berlin] PhonePe Request: {"merchantId":"M23ZU2V3WVY7U","url":"https:\/\/api-preprod.phonepe.com\/apis\/pg-sandbox\/pg\/v1\/pay","checksum":"8ffcc0c2a95afb602866eda9222a7a36a47c88c094379596acf8640a27c34a2a###1","payload":{"merchantId":"M23ZU2V3WVY7U","merchantTransactionId":"MT1764743286_31","merchantUserId":"MUID7207407907","amount":199900,"redirectUrl":"http:\/\/localhost\/ecommerce\/public\/api\/phonepe_response.php","redirectMode":"POST","callbackUrl":"http:\/\/localhost\/ecommerce\/public\/api\/phonepe_callback.php","mobileNumber":"7207407907","paymentInstrument":{"type":"PAY_PAGE"}}}
[03-Dec-2025 07:28:06 Europe/Berlin] PhonePe Initiate Error: Key not found for the merchant
[03-Dec-2025 07:29:34 Europe/Berlin] PhonePe Request: {"merchantId":"M23ZU2V3WVY7U","url":"https:\/\/api-preprod.phonepe.com\/apis\/pg-sandbox\/pg\/v1\/pay","checksum":"8583d75527a75951bef1dd5946928c8584dfbfc99be5bc941581d75fb461075f###1","payload":{"merchantId":"M23ZU2V3WVY7U","merchantTransactionId":"MT1764743374_32","merchantUserId":"MUID7820780945","amount":199900,"redirectUrl":"http:\/\/localhost\/ecommerce\/public\/api\/phonepe_response.php","redirectMode":"POST","callbackUrl":"http:\/\/localhost\/ecommerce\/public\/api\/phonepe_callback.php","mobileNumber":"7820780945","paymentInstrument":{"type":"PAY_PAGE"}}}
[03-Dec-2025 07:29:34 Europe/Berlin] PhonePe Initiate Error: Key not found for the merchant
[03-Dec-2025 07:29:38 Europe/Berlin] PhonePe Request: {"merchantId":"M23ZU2V3WVY7U","url":"https:\/\/api-preprod.phonepe.com\/apis\/pg-sandbox\/pg\/v1\/pay","checksum":"2234730815ea096fb4308722931d4b5b8012fe626f1555b7fa4c46777d2b1df8###1","payload":{"merchantId":"M23ZU2V3WVY7U","merchantTransactionId":"MT1764743378_33","merchantUserId":"MUID7820780945","amount":199900,"redirectUrl":"http:\/\/localhost\/ecommerce\/public\/api\/phonepe_response.php","redirectMode":"POST","callbackUrl":"http:\/\/localhost\/ecommerce\/public\/api\/phonepe_callback.php","mobileNumber":"7820780945","paymentInstrument":{"type":"PAY_PAGE"}}}
[03-Dec-2025 07:29:38 Europe/Berlin] PhonePe Initiate Error: Key not found for the merchant
[03-Dec-2025 07:35:32 Europe/Berlin] PhonePe Request: {"merchantId":"M23ZU2V3WVY7U","url":"https:\/\/api-preprod.phonepe.com\/apis\/pg-sandbox\/pg\/v1\/pay","checksum":"60292b585beeca3ba6cb91834cc71749f5d921ef46e17f82ffc45b95c10063d2###1","payload":{"merchantId":"M23ZU2V3WVY7U","merchantTransactionId":"MT1764743732_34","merchantUserId":"MUID7820780945","amount":199900,"redirectUrl":"http:\/\/localhost\/ecommerce\/public\/api\/phonepe_response.php","redirectMode":"POST","callbackUrl":"http:\/\/localhost\/ecommerce\/public\/api\/phonepe_callback.php","mobileNumber":"7820780945","paymentInstrument":{"type":"PAY_PAGE"}}}
[03-Dec-2025 07:35:32 Europe/Berlin] PhonePe Initiate Error: Key not found for the merchant
[03-Dec-2025 07:36:31 Europe/Berlin] PhonePe Request: {"merchantId":"M23ZU2V3WVY7U","url":"https:\/\/api-preprod.phonepe.com\/apis\/pg-sandbox\/pg\/v1\/pay","checksum":"1449182a41ef3944cfc6d03d65eb275cb3657204b7ed463bad87a451bdb72bda###1","payload":{"merchantId":"M23ZU2V3WVY7U","merchantTransactionId":"MT1764743791_35","merchantUserId":"MUID7820780945","amount":199900,"redirectUrl":"http:\/\/localhost\/ecommerce\/public\/api\/phonepe_response.php","redirectMode":"POST","callbackUrl":"http:\/\/localhost\/ecommerce\/public\/api\/phonepe_callback.php","mobileNumber":"7820780945","paymentInstrument":{"type":"PAY_PAGE"}}}
[03-Dec-2025 07:36:31 Europe/Berlin] PhonePe Initiate Error: Key not found for the merchant
[03-Dec-2025 07:43:49 Europe/Berlin] PhonePe Request: {"merchantId":"M23ZU2V3WVY7U_2512031151","url":"https:\/\/api-preprod.phonepe.com\/apis\/hermes\/pg\/v1\/pay","checksum":"b868140862bd206bfc9877c9051389dcdb1c5aa30af7b523a72eadafdc5744b9###1","payload":{"merchantId":"M23ZU2V3WVY7U_2512031151","merchantTransactionId":"MT1764744229_37","merchantUserId":"MUID7207407907","amount":399900,"redirectUrl":"http:\/\/localhost\/ecommerce\/public\/api\/phonepe_response.php","redirectMode":"POST","callbackUrl":"http:\/\/localhost\/ecommerce\/public\/api\/phonepe_callback.php","mobileNumber":"7207407907","paymentInstrument":{"type":"PAY_PAGE"}}}
[03-Dec-2025 07:43:49 Europe/Berlin] PhonePe Initiate Error: Key not found for the merchant
[03-Dec-2025 07:45:53 Europe/Berlin] PhonePe Request: {"merchantId":"M23ZU2V3WVY7U_2512031151","url":"https:\/\/api-preprod.phonepe.com\/apis\/hermes\/pg\/v1\/pay","checksum":"5d511936ac6a5b48ec79c54e99de14243e91673a56c6b32fe1bac7d402abbfeb###1","payload":{"merchantId":"M23ZU2V3WVY7U_2512031151","merchantTransactionId":"MT1764744353_38","merchantUserId":"MUID7207407907","amount":399900,"redirectUrl":"http:\/\/localhost\/ecommerce\/public\/api\/phonepe_response.php","redirectMode":"POST","callbackUrl":"http:\/\/localhost\/ecommerce\/public\/api\/phonepe_callback.php","mobileNumber":"7207407907","paymentInstrument":{"type":"PAY_PAGE"}}}
[03-Dec-2025 07:45:53 Europe/Berlin] PhonePe Initiate Error: Key not found for the merchant
[03-Dec-2025 07:46:26 Europe/Berlin] PhonePe Request: {"merchantId":"M23ZU2V3WVY7U","url":"https:\/\/api-preprod.phonepe.com\/apis\/hermes\/pg\/v1\/pay","checksum":"7b5ce671ce9af1ac0dab858fb84f976fe7c1b8524ab7c999e6bc687e2ee3c01a###1","payload":{"merchantId":"M23ZU2V3WVY7U","merchantTransactionId":"MT1764744386_39","merchantUserId":"MUID7207407907","amount":399900,"redirectUrl":"http:\/\/localhost\/ecommerce\/public\/api\/phonepe_response.php","redirectMode":"POST","callbackUrl":"http:\/\/localhost\/ecommerce\/public\/api\/phonepe_callback.php","mobileNumber":"7207407907","paymentInstrument":{"type":"PAY_PAGE"}}}
[03-Dec-2025 07:46:26 Europe/Berlin] PhonePe Initiate Error: Key not found for the merchant
[05-Dec-2025 09:59:48] API Error (401): Unauthorized
[05-Dec-2025 10:00:39] API Error (401): Unauthorized
[12-Dec-2025 06:19:07] API Error (401): Unauthorized
[12-Dec-2025 06:19:13] API Error (401): Unauthorized
